[32m[Nest] 22408  - [39m02/25/2026, 6:58:43 AM [32m    LOG[39m [38;5;3m[NestFactory] [39m[32mStarting Nest application...[39m
[32m[Nest] 22408  - [39m02/25/2026, 6:58:43 AM [32m    LOG[39m [38;5;3m[InstanceLoader] [39m[32mWebsocketModule dependencies initialized[39m[38;5;3m +52ms[39m
[32m[Nest] 22408  - [39m02/25/2026, 6:58:43 AM [32m    LOG[39m [38;5;3m[InstanceLoader] [39m[32mTypeOrmModule dependencies initialized[39m[38;5;3m +9ms[39m
[32m[Nest] 22408  - [39m02/25/2026, 6:58:43 AM [32m    LOG[39m [38;5;3m[InstanceLoader] [39m[32mPassportModule dependencies initialized[39m[38;5;3m +14ms[39m
[32m[Nest] 22408  - [39m02/25/2026, 6:58:43 AM [32m    LOG[39m [38;5;3m[InstanceLoader] [39m[32mThrottlerModule dependencies initialized[39m[38;5;3m +11ms[39m
[32m[Nest] 22408  - [39m02/25/2026, 6:58:43 AM [32m    LOG[39m [38;5;3m[InstanceLoader] [39m[32mHealthModule dependencies initialized[39m[38;5;3m +2ms[39m
[32m[Nest] 22408  - [39m02/25/2026, 6:58:43 AM [32m    LOG[39m [38;5;3m[InstanceLoader] [39m[32mConfigHostModule dependencies initialized[39m[38;5;3m +1ms[39m
[32m[Nest] 22408  - [39m02/25/2026, 6:58:43 AM [32m    LOG[39m [38;5;3m[InstanceLoader] [39m[32mDiscoveryModule dependencies initialized[39m[38;5;3m +0ms[39m
[32m[Nest] 22408  - [39m02/25/2026, 6:58:43 AM [32m    LOG[39m [38;5;3m[InstanceLoader] [39m[32mConfigModule dependencies initialized[39m[38;5;3m +2ms[39m
[32m[Nest] 22408  - [39m02/25/2026, 6:58:43 AM [32m    LOG[39m [38;5;3m[InstanceLoader] [39m[32mConfigModule dependencies initialized[39m[38;5;3m +0ms[39m
[32m[Nest] 22408  - [39m02/25/2026, 6:58:43 AM [32m    LOG[39m [38;5;3m[InstanceLoader] [39m[32mScheduleModule dependencies initialized[39m[38;5;3m +1ms[39m
[32m[Nest] 22408  - [39m02/25/2026, 6:58:43 AM [32m    LOG[39m [38;5;3m[InstanceLoader] [39m[32mAppModule dependencies initialized[39m[38;5;3m +2ms[39m
[32m[Nest] 22408  - [39m02/25/2026, 6:58:43 AM [32m    LOG[39m [38;5;3m[InstanceLoader] [39m[32mIdentityModule dependencies initialized[39m[38;5;3m +1ms[39m
[32m[Nest] 22408  - [39m02/25/2026, 6:58:43 AM [32m    LOG[39m [38;5;3m[InstanceLoader] [39m[32mJwtModule dependencies initialized[39m[38;5;3m +1ms[39m
Migration "P5AccountDeletion20260225065637" failed, error: ALTER is not defined
Migration "P5AccountDeletion20260225065637" failed, error: ALTER is not defined
Migration "P5AccountDeletion20260225065637" failed, error: ALTER is not defined
Migration "P5AccountDeletion20260225065637" failed, error: ALTER is not defined
Migration "P5AccountDeletion20260225065637" failed, error: ALTER is not defined
Migration "P5AccountDeletion20260225065637" failed, error: ALTER is not defined
Migration "P5AccountDeletion20260225065637" failed, error: ALTER is not defined
Migration "P5AccountDeletion20260225065637" failed, error: ALTER is not defined
Migration "P5AccountDeletion20260225065637" failed, error: ALTER is not defined
