[31m[Nest] 20652  - [39m02/25/2026, 1:49:46 AM [31m  ERROR[39m [38;5;3m[TypeOrmModule] [39m[31mUnable to connect to the database. Retrying (1)...[39m
error: no pg_hba.conf entry for host "73.165.158.77", user "doadmin", database "defaultdb", no encryption
    at Parser.parseErrorMessage (D:\TABZ\tabz-backend-full\tabz-backend\node_modules\pg-protocol\dist\parser.js:285:98)
    at Parser.handlePacket (D:\TABZ\tabz-backend-full\tabz-backend\node_modules\pg-protocol\dist\parser.js:122:29)
    at Parser.parse (D:\TABZ\tabz-backend-full\tabz-backend\node_modules\pg-protocol\dist\parser.js:35:38)
    at Socket.<anonymous> (D:\TABZ\tabz-backend-full\tabz-backend\node_modules\pg-protocol\dist\index.js:11:42)
    at Socket.emit (node:events:524:28)
    at addChunk (node:internal/streams/readable:561:12)
    at readableAddChunkPushByteMode (node:internal/streams/readable:512:3)
    at Readable.push (node:internal/streams/readable:392:5)
    at TCP.onStreamRead (node:internal/stream_base_commons:191:23)
[31m[Nest] 20652  - [39m02/25/2026, 1:49:49 AM [31m  ERROR[39m [38;5;3m[TypeOrmModule] [39m[31mUnable to connect to the database. Retrying (2)...[39m
error: no pg_hba.conf entry for host "73.165.158.77", user "doadmin", database "defaultdb", no encryption
    at Parser.parseErrorMessage (D:\TABZ\tabz-backend-full\tabz-backend\node_modules\pg-protocol\dist\parser.js:285:98)
    at Parser.handlePacket (D:\TABZ\tabz-backend-full\tabz-backend\node_modules\pg-protocol\dist\parser.js:122:29)
    at Parser.parse (D:\TABZ\tabz-backend-full\tabz-backend\node_modules\pg-protocol\dist\parser.js:35:38)
    at Socket.<anonymous> (D:\TABZ\tabz-backend-full\tabz-backend\node_modules\pg-protocol\dist\index.js:11:42)
    at Socket.emit (node:events:524:28)
    at addChunk (node:internal/streams/readable:561:12)
    at readableAddChunkPushByteMode (node:internal/streams/readable:512:3)
    at Readable.push (node:internal/streams/readable:392:5)
    at TCP.onStreamRead (node:internal/stream_base_commons:191:23)
[31m[Nest] 20652  - [39m02/25/2026, 1:49:52 AM [31m  ERROR[39m [38;5;3m[TypeOrmModule] [39m[31mUnable to connect to the database. Retrying (3)...[39m
error: no pg_hba.conf entry for host "73.165.158.77", user "doadmin", database "defaultdb", no encryption
    at Parser.parseErrorMessage (D:\TABZ\tabz-backend-full\tabz-backend\node_modules\pg-protocol\dist\parser.js:285:98)
    at Parser.handlePacket (D:\TABZ\tabz-backend-full\tabz-backend\node_modules\pg-protocol\dist\parser.js:122:29)
    at Parser.parse (D:\TABZ\tabz-backend-full\tabz-backend\node_modules\pg-protocol\dist\parser.js:35:38)
    at Socket.<anonymous> (D:\TABZ\tabz-backend-full\tabz-backend\node_modules\pg-protocol\dist\index.js:11:42)
    at Socket.emit (node:events:524:28)
    at addChunk (node:internal/streams/readable:561:12)
    at readableAddChunkPushByteMode (node:internal/streams/readable:512:3)
    at Readable.push (node:internal/streams/readable:392:5)
    at TCP.onStreamRead (node:internal/stream_base_commons:191:23)
[31m[Nest] 20652  - [39m02/25/2026, 1:49:55 AM [31m  ERROR[39m [38;5;3m[TypeOrmModule] [39m[31mUnable to connect to the database. Retrying (4)...[39m
error: no pg_hba.conf entry for host "73.165.158.77", user "doadmin", database "defaultdb", no encryption
    at Parser.parseErrorMessage (D:\TABZ\tabz-backend-full\tabz-backend\node_modules\pg-protocol\dist\parser.js:285:98)
    at Parser.handlePacket (D:\TABZ\tabz-backend-full\tabz-backend\node_modules\pg-protocol\dist\parser.js:122:29)
    at Parser.parse (D:\TABZ\tabz-backend-full\tabz-backend\node_modules\pg-protocol\dist\parser.js:35:38)
    at Socket.<anonymous> (D:\TABZ\tabz-backend-full\tabz-backend\node_modules\pg-protocol\dist\index.js:11:42)
    at Socket.emit (node:events:524:28)
    at addChunk (node:internal/streams/readable:561:12)
    at readableAddChunkPushByteMode (node:internal/streams/readable:512:3)
    at Readable.push (node:internal/streams/readable:392:5)
    at TCP.onStreamRead (node:internal/stream_base_commons:191:23)
[31m[Nest] 20652  - [39m02/25/2026, 1:49:58 AM [31m  ERROR[39m [38;5;3m[TypeOrmModule] [39m[31mUnable to connect to the database. Retrying (5)...[39m
error: no pg_hba.conf entry for host "73.165.158.77", user "doadmin", database "defaultdb", no encryption
    at Parser.parseErrorMessage (D:\TABZ\tabz-backend-full\tabz-backend\node_modules\pg-protocol\dist\parser.js:285:98)
    at Parser.handlePacket (D:\TABZ\tabz-backend-full\tabz-backend\node_modules\pg-protocol\dist\parser.js:122:29)
    at Parser.parse (D:\TABZ\tabz-backend-full\tabz-backend\node_modules\pg-protocol\dist\parser.js:35:38)
    at Socket.<anonymous> (D:\TABZ\tabz-backend-full\tabz-backend\node_modules\pg-protocol\dist\index.js:11:42)
    at Socket.emit (node:events:524:28)
    at addChunk (node:internal/streams/readable:561:12)
    at readableAddChunkPushByteMode (node:internal/streams/readable:512:3)
    at Readable.push (node:internal/streams/readable:392:5)
    at TCP.onStreamRead (node:internal/stream_base_commons:191:23)
[31m[Nest] 20652  - [39m02/25/2026, 1:50:02 AM [31m  ERROR[39m [38;5;3m[TypeOrmModule] [39m[31mUnable to connect to the database. Retrying (6)...[39m
error: no pg_hba.conf entry for host "73.165.158.77", user "doadmin", database "defaultdb", no encryption
    at Parser.parseErrorMessage (D:\TABZ\tabz-backend-full\tabz-backend\node_modules\pg-protocol\dist\parser.js:285:98)
    at Parser.handlePacket (D:\TABZ\tabz-backend-full\tabz-backend\node_modules\pg-protocol\dist\parser.js:122:29)
    at Parser.parse (D:\TABZ\tabz-backend-full\tabz-backend\node_modules\pg-protocol\dist\parser.js:35:38)
    at Socket.<anonymous> (D:\TABZ\tabz-backend-full\tabz-backend\node_modules\pg-protocol\dist\index.js:11:42)
    at Socket.emit (node:events:524:28)
    at addChunk (node:internal/streams/readable:561:12)
    at readableAddChunkPushByteMode (node:internal/streams/readable:512:3)
    at Readable.push (node:internal/streams/readable:392:5)
    at TCP.onStreamRead (node:internal/stream_base_commons:191:23)
[31m[Nest] 20652  - [39m02/25/2026, 1:50:05 AM [31m  ERROR[39m [38;5;3m[TypeOrmModule] [39m[31mUnable to connect to the database. Retrying (7)...[39m
error: no pg_hba.conf entry for host "73.165.158.77", user "doadmin", database "defaultdb", no encryption
    at Parser.parseErrorMessage (D:\TABZ\tabz-backend-full\tabz-backend\node_modules\pg-protocol\dist\parser.js:285:98)
    at Parser.handlePacket (D:\TABZ\tabz-backend-full\tabz-backend\node_modules\pg-protocol\dist\parser.js:122:29)
    at Parser.parse (D:\TABZ\tabz-backend-full\tabz-backend\node_modules\pg-protocol\dist\parser.js:35:38)
    at Socket.<anonymous> (D:\TABZ\tabz-backend-full\tabz-backend\node_modules\pg-protocol\dist\index.js:11:42)
    at Socket.emit (node:events:524:28)
    at addChunk (node:internal/streams/readable:561:12)
    at readableAddChunkPushByteMode (node:internal/streams/readable:512:3)
    at Readable.push (node:internal/streams/readable:392:5)
    at TCP.onStreamRead (node:internal/stream_base_commons:191:23)
[31m[Nest] 20652  - [39m02/25/2026, 1:50:08 AM [31m  ERROR[39m [38;5;3m[TypeOrmModule] [39m[31mUnable to connect to the database. Retrying (8)...[39m
error: no pg_hba.conf entry for host "73.165.158.77", user "doadmin", database "defaultdb", no encryption
    at Parser.parseErrorMessage (D:\TABZ\tabz-backend-full\tabz-backend\node_modules\pg-protocol\dist\parser.js:285:98)
    at Parser.handlePacket (D:\TABZ\tabz-backend-full\tabz-backend\node_modules\pg-protocol\dist\parser.js:122:29)
    at Parser.parse (D:\TABZ\tabz-backend-full\tabz-backend\node_modules\pg-protocol\dist\parser.js:35:38)
    at Socket.<anonymous> (D:\TABZ\tabz-backend-full\tabz-backend\node_modules\pg-protocol\dist\index.js:11:42)
    at Socket.emit (node:events:524:28)
    at addChunk (node:internal/streams/readable:561:12)
    at readableAddChunkPushByteMode (node:internal/streams/readable:512:3)
    at Readable.push (node:internal/streams/readable:392:5)
    at TCP.onStreamRead (node:internal/stream_base_commons:191:23)
[31m[Nest] 20652  - [39m02/25/2026, 1:50:11 AM [31m  ERROR[39m [38;5;3m[TypeOrmModule] [39m[31mUnable to connect to the database. Retrying (9)...[39m
error: no pg_hba.conf entry for host "73.165.158.77", user "doadmin", database "defaultdb", no encryption
    at Parser.parseErrorMessage (D:\TABZ\tabz-backend-full\tabz-backend\node_modules\pg-protocol\dist\parser.js:285:98)
    at Parser.handlePacket (D:\TABZ\tabz-backend-full\tabz-backend\node_modules\pg-protocol\dist\parser.js:122:29)
    at Parser.parse (D:\TABZ\tabz-backend-full\tabz-backend\node_modules\pg-protocol\dist\parser.js:35:38)
    at Socket.<anonymous> (D:\TABZ\tabz-backend-full\tabz-backend\node_modules\pg-protocol\dist\index.js:11:42)
    at Socket.emit (node:events:524:28)
    at addChunk (node:internal/streams/readable:561:12)
    at readableAddChunkPushByteMode (node:internal/streams/readable:512:3)
    at Readable.push (node:internal/streams/readable:392:5)
    at TCP.onStreamRead (node:internal/stream_base_commons:191:23)
[31m[Nest] 20652  - [39m02/25/2026, 1:50:11 AM [31m  ERROR[39m [38;5;3m[ExceptionHandler] [39m[31mno pg_hba.conf entry for host "73.165.158.77", user "doadmin", database "defaultdb", no encryption[39m
error: no pg_hba.conf entry for host "73.165.158.77", user "doadmin", database "defaultdb", no encryption
    at Parser.parseErrorMessage (D:\TABZ\tabz-backend-full\tabz-backend\node_modules\pg-protocol\dist\parser.js:285:98)
    at Parser.handlePacket (D:\TABZ\tabz-backend-full\tabz-backend\node_modules\pg-protocol\dist\parser.js:122:29)
    at Parser.parse (D:\TABZ\tabz-backend-full\tabz-backend\node_modules\pg-protocol\dist\parser.js:35:38)
    at Socket.<anonymous> (D:\TABZ\tabz-backend-full\tabz-backend\node_modules\pg-protocol\dist\index.js:11:42)
    at Socket.emit (node:events:524:28)
    at addChunk (node:internal/streams/readable:561:12)
    at readableAddChunkPushByteMode (node:internal/streams/readable:512:3)
    at Readable.push (node:internal/streams/readable:392:5)
    at TCP.onStreamRead (node:internal/stream_base_commons:191:23)
